d:\cpluplus\repos\project2\project2\x64\debug\vc143.pdb
d:\cpluplus\repos\project2\project2\x64\debug\vc143.idb
d:\cpluplus\repos\project2\project2\x64\debug\source.obj
d:\cpluplus\repos\project2\project2\x64\debug\shapedecorator.obj
d:\cpluplus\repos\project2\project2\x64\debug\shapecolors.obj
d:\cpluplus\repos\project2\project2\x64\debug\decoratedtriangle.obj
d:\cpluplus\repos\project2\project2\x64\debug\controller.obj
d:\cpluplus\repos\project2\project2\x64\debug\cdecoratedrectangle.obj
d:\cpluplus\repos\project2\project2\x64\debug\cdecoratedcircle.obj
d:\cpluplus\repos\project2\project2\x64\debug\canvas.obj
d:\cpluplus\repos\project2\project2\x64\debug\trianglecreator.obj
d:\cpluplus\repos\project2\project2\x64\debug\creator.obj
d:\cpluplus\repos\project2\project2\x64\debug\circlecreator.obj
d:\cpluplus\repos\project2\project2\x64\debug\rectanglecreator.obj
d:\cpluplus\repos\project2\x64\debug\sfml-graphics-d-2.dll
d:\cpluplus\repos\project2\x64\debug\sfml-window-d-2.dll
d:\cpluplus\repos\project2\x64\debug\sfml-system-d-2.dll
d:\cpluplus\repos\project2\x64\debug\freetyped.dll
d:\cpluplus\repos\project2\x64\debug\zlibd1.dll
d:\cpluplus\repos\project2\x64\debug\bz2d.dll
d:\cpluplus\repos\project2\x64\debug\libpng16d.dll
d:\cpluplus\repos\project2\x64\debug\brotlidec.dll
d:\cpluplus\repos\project2\x64\debug\brotlicommon.dll
d:\cpluplus\repos\project2\x64\debug\project2.pdb
d:\cpluplus\repos\project2\project2\x64\debug\project2.tlog\cl.command.1.tlog
d:\cpluplus\repos\project2\project2\x64\debug\project2.tlog\cl.read.1.tlog
d:\cpluplus\repos\project2\project2\x64\debug\project2.tlog\cl.write.1.tlog
d:\cpluplus\repos\project2\project2\x64\debug\project2.tlog\link.7640-cvtres.read.1.tlog
d:\cpluplus\repos\project2\project2\x64\debug\project2.tlog\link.7640-cvtres.write.1.tlog
d:\cpluplus\repos\project2\project2\x64\debug\project2.tlog\link.7640-rc.read.1.tlog
d:\cpluplus\repos\project2\project2\x64\debug\project2.tlog\link.7640-rc.write.1.tlog
d:\cpluplus\repos\project2\project2\x64\debug\project2.tlog\link.7640.read.1.tlog
d:\cpluplus\repos\project2\project2\x64\debug\project2.tlog\link.7640.read.2.tlog
d:\cpluplus\repos\project2\project2\x64\debug\project2.tlog\link.7640.write.1.tlog
d:\cpluplus\repos\project2\project2\x64\debug\project2.tlog\link.command.1.tlog
d:\cpluplus\repos\project2\project2\x64\debug\project2.tlog\link.read.1.tlog
d:\cpluplus\repos\project2\project2\x64\debug\project2.tlog\link.write.1.tlog
d:\cpluplus\repos\project2\project2\x64\debug\project2.tlog\project2.write.1u.tlog
